#
# There is insufficient memory for the Java Runtime Environment to continue.
# Native memory allocation (mmap) failed to map 100663296 bytes for G1 virtual space
# Possible reasons:
#   The system is out of physical RAM or swap space
#   The process is running with CompressedOops enabled, and the Java Heap may be blocking the growth of the native heap
# Possible solutions:
#   Reduce memory load on the system
#   Increase physical memory or swap space
#   Check if swap backing store is full
#   Decrease Java heap size (-Xmx/-Xms)
#   Decrease number of Java threads
#   Decrease Java thread stack sizes (-Xss)
#   Set larger code cache with -XX:ReservedCodeCacheSize=
#   JVM is running with Unscaled Compressed Oops mode in which the Java heap is
#     placed in the first 4GB address space. The Java Heap base address is the
#     maximum limit for the native heap growth. Please use -XX:HeapBaseMinAddress
#     to set the Java Heap base and to place the Java Heap above 4GB virtual address.
# This output file may be truncated or incomplete.
#
#  Out of Memory Error (os_windows.cpp:3600), pid=12752, tid=5048
#
# JRE version:  (21.0.1+12) (build )
# Java VM: OpenJDK 64-Bit Server VM (21.0.1+12-29, mixed mode, sharing, tiered, compressed oops, compressed class ptrs, g1 gc, windows-amd64)
# No core dump will be written. Minidumps are not enabled by default on client versions of Windows
#

---------------  S U M M A R Y ------------

Command Line: -javaagent:C:\Program Files\JetBrains\IntelliJ IDEA 2023.3.2\lib\idea_rt.jar=52012:C:\Program Files\JetBrains\IntelliJ IDEA 2023.3.2\bin -Dfile.encoding=UTF-8 -Dsun.stdout.encoding=UTF-8 -Dsun.stderr.encoding=UTF-8 Main

Host: AMD Ryzen 5 3500U with Radeon Vega Mobile Gfx  , 8 cores, 5G,  Windows 10 , 64 bit Build 19041 (10.0.19041.3636)
Time: Mon Jan  8 19:43:23 2024  Windows 10 , 64 bit Build 19041 (10.0.19041.3636) elapsed time: 0.054636 seconds (0d 0h 0m 0s)

---------------  T H R E A D  ---------------

Current thread (0x00000254fb3f2fb0):  JavaThread "Unknown thread" [_thread_in_vm, id=5048, stack(0x000000c0e0e00000,0x000000c0e0f00000) (1024K)]

Stack: [0x000000c0e0e00000,0x000000c0e0f00000]
Native frames: (J=compiled Java code, j=interpreted, Vv=VM code, C=native code)
V  [jvm.dll+0x6c9029]
V  [jvm.dll+0x854b81]
V  [jvm.dll+0x856e5e]
V  [jvm.dll+0x857543]
V  [jvm.dll+0x280c06]
V  [jvm.dll+0x6c5715]
V  [jvm.dll+0x6ba10a]
V  [jvm.dll+0x3557ea]
V  [jvm.dll+0x35d436]
V  [jvm.dll+0x3ae1be]
V  [jvm.dll+0x3ae468]
V  [jvm.dll+0x3291fc]
V  [jvm.dll+0x329d8b]
V  [jvm.dll+0x81d179]
V  [jvm.dll+0x3bb4f1]
V  [jvm.dll+0x805ae8]
V  [jvm.dll+0x44effe]
V  [jvm.dll+0x450901]
C  [jli.dll+0x52a3]
C  [ucrtbase.dll+0x21bb2]
C  [KERNEL32.DLL+0x17344]
C  [ntdll.dll+0x526b1]


---------------  P R O C E S S  ---------------

Threads class SMR info:
_java_thread_list=0x00007fff76aa9b88, length=0, elements={
}

Java Threads: ( => current thread )
Total: 0

Other Threads:
  0x00000254fb4392c0 WorkerThread "GC Thread#0"                     [id=4120, stack(0x000000c0e0f00000,0x000000c0e1000000) (1024K)]
  0x00000254f91de340 ConcurrentGCThread "G1 Main Marker"            [id=11792, stack(0x000000c0e1000000,0x000000c0e1100000) (1024K)]
  0x00000254f91deaf0 WorkerThread "G1 Conc#0"                       [id=8172, stack(0x000000c0e1100000,0x000000c0e1200000) (1024K)]

[error occurred during error reporting (printing all threads), id 0xc0000005, EXCEPTION_ACCESS_VIOLATION (0xc0000005) at pc=0x00007fff7621c2c7]
VM state: not at safepoint (not fully initialized)

VM Mutex/Monitor currently owned by a thread:  ([mutex/lock_event])
[0x00007fff76b1a6f8] Heap_lock - owner thread: 0x00000254fb3f2fb0

Heap address: 0x00000000a1000000, size: 1520 MB, Compressed Oops mode: 32-bit

CDS archive(s) mapped at: [0x0000000000000000-0x0000000000000000-0x0000000000000000), size 0, SharedBaseAddress: 0x0000000800000000, ArchiveRelocationMode: 1.
Narrow klass base: 0x0000000000000000, Narrow klass shift: 0, Narrow klass range: 0x0

GC Precious Log:
 CardTable entry size: 512
 Card Set container configuration: InlinePtr #cards 5 size 8 Array Of Cards #cards 12 size 40 Howl #buckets 4 coarsen threshold 1843 Howl Bitmap #cards 512 size 80 coarsen threshold 460 Card regions per heap region 1 cards per card region 2048

Heap:
 garbage-first heap   total 0K, used 0K [0x00000000a1000000, 0x0000000100000000)
  region size 1024K, 0 young (0K), 0 survivors (0K)

[error occurred during error reporting (printing heap information), id 0xc0000005, EXCEPTION_ACCESS_VIOLATION (0xc0000005) at pc=0x00007fff76601be9]
GC Heap History (0 events):
No events

Dll operation events (1 events):
Event: 0.049 Loaded shared library C:\Users\Asus\.jdks\openjdk-21.0.1\bin\java.dll

Deoptimization events (0 events):
No events

Classes loaded (0 events):
No events

Classes unloaded (0 events):
No events

Classes redefined (0 events):
No events

Internal exceptions (0 events):
No events

ZGC Phase Switch (0 events):
No events

VM Operations (0 events):
No events

Events (0 events):
No events


Dynamic libraries:
0x00007ff672330000 - 0x00007ff67233e000 	C:\Users\Asus\.jdks\openjdk-21.0.1\bin\java.exe
0x00007fffbb630000 - 0x00007fffbb828000 	C:\Windows\SYSTEM32\ntdll.dll
0x00007fffba540000 - 0x00007fffba5fd000 	C:\Windows\System32\KERNEL32.DLL
0x00007fffb9200000 - 0x00007fffb94f6000 	C:\Windows\System32\KERNELBASE.dll
0x00007fffb9500000 - 0x00007fffb9600000 	C:\Windows\System32\ucrtbase.dll
0x00007fffb20b0000 - 0x00007fffb20c8000 	C:\Users\Asus\.jdks\openjdk-21.0.1\bin\jli.dll
0x00007fffb20d0000 - 0x00007fffb20eb000 	C:\Users\Asus\.jdks\openjdk-21.0.1\bin\VCRUNTIME140.dll
0x00007fffb9bf0000 - 0x00007fffb9d8e000 	C:\Windows\System32\USER32.dll
0x00007fffb80f0000 - 0x00007fffb838a000 	C:\Windows\WinSxS\amd64_microsoft.windows.common-controls_6595b64144ccf1df_6.0.19041.3636_none_60b6a03d71f818d5\COMCTL32.dll
0x00007fffb8f00000 - 0x00007fffb8f22000 	C:\Windows\System32\win32u.dll
0x00007fffb9690000 - 0x00007fffb972e000 	C:\Windows\System32\msvcrt.dll
0x00007fffb9730000 - 0x00007fffb975c000 	C:\Windows\System32\GDI32.dll
0x00007fffb8de0000 - 0x00007fffb8efa000 	C:\Windows\System32\gdi32full.dll
0x00007fffb8d40000 - 0x00007fffb8ddd000 	C:\Windows\System32\msvcp_win.dll
0x00007fffb9810000 - 0x00007fffb9840000 	C:\Windows\System32\IMM32.DLL
0x00007fffb20a0000 - 0x00007fffb20ac000 	C:\Users\Asus\.jdks\openjdk-21.0.1\bin\vcruntime140_1.dll
0x00007fffa0900000 - 0x00007fffa098e000 	C:\Users\Asus\.jdks\openjdk-21.0.1\bin\msvcp140.dll
0x00007fff75ee0000 - 0x00007fff76bf5000 	C:\Users\Asus\.jdks\openjdk-21.0.1\bin\server\jvm.dll
0x00007fffbaeb0000 - 0x00007fffbaf5f000 	C:\Windows\System32\ADVAPI32.dll
0x00007fffbb130000 - 0x00007fffbb1cc000 	C:\Windows\System32\sechost.dll
0x00007fffbb1d0000 - 0x00007fffbb2f6000 	C:\Windows\System32\RPCRT4.dll
0x00007fffbaf60000 - 0x00007fffbafcb000 	C:\Windows\System32\WS2_32.dll
0x00007fffb8b70000 - 0x00007fffb8bbb000 	C:\Windows\SYSTEM32\POWRPROF.dll
0x00007fffadd10000 - 0x00007fffadd37000 	C:\Windows\SYSTEM32\WINMM.dll
0x00007fffb5500000 - 0x00007fffb550a000 	C:\Windows\SYSTEM32\VERSION.dll
0x00007fffb8b50000 - 0x00007fffb8b62000 	C:\Windows\SYSTEM32\UMPDC.dll
0x00007fffb6860000 - 0x00007fffb6872000 	C:\Windows\SYSTEM32\kernel.appcore.dll
0x00007fffb2090000 - 0x00007fffb209a000 	C:\Users\Asus\.jdks\openjdk-21.0.1\bin\jimage.dll
0x00007fffb8680000 - 0x00007fffb8864000 	C:\Windows\SYSTEM32\DBGHELP.DLL
0x00007fffb84a0000 - 0x00007fffb84d4000 	C:\Windows\SYSTEM32\dbgcore.DLL
0x00007fffb9600000 - 0x00007fffb9682000 	C:\Windows\System32\bcryptPrimitives.dll
0x00007fffacda0000 - 0x00007fffacdaf000 	C:\Users\Asus\.jdks\openjdk-21.0.1\bin\instrument.dll
0x00007fffb2070000 - 0x00007fffb208f000 	C:\Users\Asus\.jdks\openjdk-21.0.1\bin\java.dll

dbghelp: loaded successfully - version: 4.0.5 - missing functions: none
symbol engine: initialized successfully - sym options: 0x614 - pdb path: .;C:\Users\Asus\.jdks\openjdk-21.0.1\bin;C:\Windows\SYSTEM32;C:\Windows\WinSxS\amd64_microsoft.windows.common-controls_6595b64144ccf1df_6.0.19041.3636_none_60b6a03d71f818d5;C:\Users\Asus\.jdks\openjdk-21.0.1\bin\server

VM Arguments:
jvm_args: -javaagent:C:\Program Files\JetBrains\IntelliJ IDEA 2023.3.2\lib\idea_rt.jar=52012:C:\Program Files\JetBrains\IntelliJ IDEA 2023.3.2\bin -Dfile.encoding=UTF-8 -Dsun.stdout.encoding=UTF-8 -Dsun.stderr.encoding=UTF-8 
java_command: Main
java_class_path (initial): C:\Users\Asus\IdeaProjects\pr2\out\production\pr2
Launcher Type: SUN_STANDARD

[Global flags]
     intx CICompilerCount                          = 4                                         {product} {ergonomic}
     uint ConcGCThreads                            = 2                                         {product} {ergonomic}
     uint G1ConcRefinementThreads                  = 8                                         {product} {ergonomic}
   size_t G1HeapRegionSize                         = 1048576                                   {product} {ergonomic}
    uintx GCDrainStackTargetSize                   = 64                                        {product} {ergonomic}
   size_t InitialHeapSize                          = 100663296                                 {product} {ergonomic}
   size_t MarkStackSize                            = 4194304                                   {product} {ergonomic}
   size_t MaxHeapSize                              = 1593835520                                {product} {ergonomic}
   size_t MinHeapDeltaBytes                        = 1048576                                   {product} {ergonomic}
   size_t MinHeapSize                              = 8388608                                   {product} {ergonomic}
    uintx NonNMethodCodeHeapSize                   = 5839372                                {pd product} {ergonomic}
    uintx NonProfiledCodeHeapSize                  = 122909434                              {pd product} {ergonomic}
    uintx ProfiledCodeHeapSize                     = 122909434                              {pd product} {ergonomic}
    uintx ReservedCodeCacheSize                    = 251658240                              {pd product} {ergonomic}
     bool SegmentedCodeCache                       = true                                      {product} {ergonomic}
   size_t SoftMaxHeapSize                          = 1593835520                             {manageable} {ergonomic}
     bool UseCompressedOops                        = true                           {product lp64_product} {ergonomic}
     bool UseG1GC                                  = true                                      {product} {ergonomic}
     bool UseLargePagesIndividualAllocation        = false                                  {pd product} {ergonomic}

Logging:
Log output configuration:
 #0: stdout all=warning uptime,level,tags foldmultilines=false
 #1: stderr all=off uptime,level,tags foldmultilines=false

Environment Variables:
PATH=C:\Windows\system32;C:\Windows;C:\Windows\System32\Wbem;C:\Windows\System32\WindowsPowerShell\v1.0\;C:\Windows\System32\OpenSSH\;C:\Users\Asus\AppData\Local\Microsoft\WindowsApps;
USERNAME=Asus
OS=Windows_NT
PROCESSOR_IDENTIFIER=AMD64 Family 23 Model 24 Stepping 1, AuthenticAMD
TMP=C:\Users\Asus\AppData\Local\Temp
TEMP=C:\Users\Asus\AppData\Local\Temp




Periodic native trim disabled

---------------  S Y S T E M  ---------------

OS:
 Windows 10 , 64 bit Build 19041 (10.0.19041.3636)
OS uptime: 0 days 19:43 hours

CPU: total 8 (initial active 8) (8 cores per cpu, 2 threads per core) family 23 model 24 stepping 1 microcode 0x0, cx8, cmov, fxsr, ht, mmx, 3dnowpref, sse, sse2, sse3, ssse3, sse4a, sse4.1, sse4.2, popcnt, lzcnt, tsc, tscinvbit, avx, avx2, aes, clmul, bmi1, bmi2, adx, sha, fma, vzeroupper, clflush, clflushopt, rdtscp, f16c
Processor Information for all 8 processors :
  Max Mhz: 2100, Current Mhz: 2100, Mhz Limit: 2100

Memory: 4k page, system-wide physical 6077M (848M free)
TotalPageFile size 10173M (AvailPageFile size 37M)
current process WorkingSet (physical memory assigned to process): 10M, peak: 10M
current process commit charge ("private bytes"): 60M, peak: 156M

vm_info: OpenJDK 64-Bit Server VM (21.0.1+12-29) for windows-amd64 JRE (21.0.1+12-29), built on 2023-10-05T13:27:09Z by "mach5one" with MS VC++ 17.1 (VS2022)

END.
